<?xml version="1.0" encoding="UTF-8"?>
<testng-results skipped="0" failed="0" ignored="0" total="2" passed="2">
  <reporter-output>
  </reporter-output>
  <suite name="Suite" duration-ms="34860" started-at="2020-04-21T17:10:33Z" finished-at="2020-04-21T17:11:08Z">
    <groups>
    </groups>
    <test name="Test" duration-ms="34860" started-at="2020-04-21T17:10:33Z" finished-at="2020-04-21T17:11:08Z">
      <class name="com.automationpractice.qa.Test.HomeTest">
        <test-method status="PASS" signature="Setup()[pri:0, instance:com.automationpractice.qa.Test.HomeTest@22f71333]" name="Setup" is-config="true" duration-ms="50217" started-at="2020-04-21T17:09:43Z" finished-at="2020-04-21T17:10:33Z">
          <reporter-output>
          </reporter-output>
        </test-method> <!-- Setup -->
        <test-method status="PASS" signature="VerifyTitle()[pri:0, instance:com.automationpractice.qa.Test.HomeTest@22f71333]" name="VerifyTitle" duration-ms="21" started-at="2020-04-21T17:10:33Z" finished-at="2020-04-21T17:10:33Z">
          <reporter-output>
          </reporter-output>
        </test-method> <!-- VerifyTitle -->
        <test-method status="PASS" signature="addToCard()[pri:0, instance:com.automationpractice.qa.Test.HomeTest@22f71333]" name="addToCard" duration-ms="34791" started-at="2020-04-21T17:10:33Z" finished-at="2020-04-21T17:11:08Z">
          <reporter-output>
          </reporter-output>
        </test-method> <!-- addToCard -->
      </class> <!-- com.automationpractice.qa.Test.HomeTest -->
    </test> <!-- Test -->
  </suite> <!-- Suite -->
</testng-results>
